2020-03-13 14:15:55,961 INFO  [org.jboss.modules] (main) JBoss Modules version 1.9.1.Final
2020-03-13 14:15:58,444 INFO  [org.jboss.msc] (main) JBoss MSC version 1.4.11.Final
2020-03-13 14:15:58,457 INFO  [org.jboss.threads] (main) JBoss Threads version 2.3.3.Final
2020-03-13 14:15:58,631 INFO  [org.jboss.as] (MSC service thread 1-2) WFLYSRV0049: WildFly Full 18.0.1.Final (WildFly Core 10.0.3.Final) starting
2020-03-13 14:15:58,634 DEBUG [org.jboss.as.config] (MSC service thread 1-2) Configured system properties:
	file.encoding = Cp1252
	file.separator = \
	java.awt.headless = true
	java.class.path = C:\Users\arism\Documents\GitHub\WEB-TreinamentoStefanini\wildfly-18.0.1.Final\jboss-modules.jar
	java.class.version = 57.0
	java.home = C:\Program Files\Java\jdk-13.0.2
	java.io.tmpdir = C:\Users\arism\AppData\Local\Temp\
	java.library.path = C:\Program Files\Java\jdk-13.0.2\bin;C:\WINDOWS\Sun\Java\bin;C:\WINDOWS\system32;C:\WINDOWS;native;C:/Program Files/Java/jdk-13.0.2/bin/server;C:/Program Files/Java/jdk-13.0.2/bin;C:\Program Files (x86)\NVIDIA Corporation\PhysX\Common;C:\Program Files (x86)\Common Files\Oracle\Java\javapath;C:\WINDOWS\system32;C:\WINDOWS;C:\WINDOWS\System32\Wbem;C:\WINDOWS\System32\WindowsPowerShell\v1.0\;C:\WINDOWS\System32\OpenSSH\;C:\Program Files\nodejs\;C:\Program Files\Git\cmd;C:\Program Files\Java\jdk-13.0.2\bin;C:\Maven\apache-maven-3.6.3\bin;C:\Users\arism\AppData\Local\Microsoft\WindowsApps;C:\Users\arism\AppData\Local\GitHubDesktop\bin;C:\Users\arism\AppData\Roaming\npm;%USERPROFILE%\AppData\Local\Microsoft\WindowsApps;;C:\Users\arism\Desktop;;.
	java.net.preferIPv4Stack = true
	java.runtime.name = OpenJDK Runtime Environment
	java.runtime.version = 13.0.2+8
	java.specification.name = Java Platform API Specification
	java.specification.vendor = Oracle Corporation
	java.specification.version = 13
	java.util.logging.manager = org.jboss.logmanager.LogManager
	java.vendor = Oracle Corporation
	java.vendor.url = https://java.oracle.com/
	java.vendor.url.bug = https://bugreport.java.com/bugreport/
	java.version = 13.0.2
	java.version.date = 2020-01-14
	java.vm.compressedOopsMode = 32-bit
	java.vm.info = mixed mode, sharing
	java.vm.name = OpenJDK 64-Bit Server VM
	java.vm.specification.name = Java Virtual Machine Specification
	java.vm.specification.vendor = Oracle Corporation
	java.vm.specification.version = 13
	java.vm.vendor = Oracle Corporation
	java.vm.version = 13.0.2+8
	javax.management.builder.initial = org.jboss.as.jmx.PluggableMBeanServerBuilder
	jboss.bind.address = localhost
	jboss.bind.address.management = localhost
	jboss.home.dir = C:\Users\arism\Documents\GitHub\WEB-TreinamentoStefanini\wildfly-18.0.1.Final
	jboss.host.name = notebook-mario
	jboss.modules.dir = C:\Users\arism\Documents\GitHub\WEB-TreinamentoStefanini\wildfly-18.0.1.Final\modules
	jboss.modules.system.pkgs = org.jboss.byteman
	jboss.node.name = notebook-mario
	jboss.qualified.host.name = notebook-mario
	jboss.server.base.dir = C:\Users\arism\Documents\GitHub\WEB-TreinamentoStefanini\wildfly-18.0.1.Final\standalone
	jboss.server.config.dir = C:\Users\arism\Documents\GitHub\WEB-TreinamentoStefanini\wildfly-18.0.1.Final\standalone\configuration
	jboss.server.data.dir = C:\Users\arism\Documents\GitHub\WEB-TreinamentoStefanini\wildfly-18.0.1.Final\standalone\data
	jboss.server.deploy.dir = C:\Users\arism\Documents\GitHub\WEB-TreinamentoStefanini\wildfly-18.0.1.Final\standalone\data\content
	jboss.server.log.dir = C:\Users\arism\Documents\GitHub\WEB-TreinamentoStefanini\wildfly-18.0.1.Final\standalone\log
	jboss.server.name = notebook-mario
	jboss.server.persist.config = true
	jboss.server.temp.dir = C:\Users\arism\Documents\GitHub\WEB-TreinamentoStefanini\wildfly-18.0.1.Final\standalone\tmp
	jdk.debug = release
	line.separator = 

	logging.configuration = file:C:\Users\arism\Documents\GitHub\WEB-TreinamentoStefanini\wildfly-18.0.1.Final\standalone\configuration\logging.properties
	module.path = C:\Users\arism\Documents\GitHub\WEB-TreinamentoStefanini\wildfly-18.0.1.Final\modules
	org.jboss.boot.log.file = C:\Users\arism\Documents\GitHub\WEB-TreinamentoStefanini\wildfly-18.0.1.Final\standalone\log\boot.log
	org.jboss.logmanager.nocolor = true
	org.jboss.resolver.warning = true
	os.arch = amd64
	os.name = Windows 10
	os.version = 10.0
	path.separator = ;
	program.name = JBossTools: WildFly 18 at localhost
	sun.arch.data.model = 64
	sun.boot.library.path = C:\Program Files\Java\jdk-13.0.2\bin
	sun.cpu.endian = little
	sun.cpu.isalist = amd64
	sun.io.unicode.encoding = UnicodeLittle
	sun.java.command = org.jboss.modules.Main -mp C:\Users\arism\Documents\GitHub\WEB-TreinamentoStefanini\wildfly-18.0.1.Final\modules org.jboss.as.standalone -b localhost --server-config=standalone.xml -Djboss.server.base.dir=C:\Users\arism\Documents\GitHub\WEB-TreinamentoStefanini\wildfly-18.0.1.Final\standalone
	sun.java.launcher = SUN_STANDARD
	sun.jnu.encoding = Cp1252
	sun.management.compiler = HotSpot 64-Bit Tiered Compilers
	sun.os.patch.level = 
	sun.rmi.dgc.client.gcInterval = 3600000
	sun.rmi.dgc.server.gcInterval = 3600000
	user.country = BR
	user.dir = C:\Users\arism\Documents\GitHub\WEB-TreinamentoStefanini\wildfly-18.0.1.Final\bin
	user.home = C:\Users\arism
	user.language = pt
	user.name = arism
	user.script = 
	user.timezone = America/Sao_Paulo
	user.variant = 
2020-03-13 14:15:58,643 DEBUG [org.jboss.as.config] (MSC service thread 1-2) VM Arguments: -Dprogram.name=JBossTools: WildFly 18 at localhost -Xms64m -Xmx512m -Dorg.jboss.resolver.warning=true -Djava.net.preferIPv4Stack=true -Dsun.rmi.dgc.client.gcInterval=3600000 -Dsun.rmi.dgc.server.gcInterval=3600000 -Djboss.modules.system.pkgs=org.jboss.byteman -Djava.awt.headless=true -Dorg.jboss.boot.log.file=C:\Users\arism\Documents\GitHub\WEB-TreinamentoStefanini\wildfly-18.0.1.Final\standalone\log\boot.log -Dlogging.configuration=file:C:\Users\arism\Documents\GitHub\WEB-TreinamentoStefanini\wildfly-18.0.1.Final\standalone\configuration\logging.properties -Djboss.home.dir=C:\Users\arism\Documents\GitHub\WEB-TreinamentoStefanini\wildfly-18.0.1.Final -Dorg.jboss.logmanager.nocolor=true --add-exports=java.base/sun.nio.ch=ALL-UNNAMED --add-exports=jdk.unsupported/sun.misc=ALL-UNNAMED --add-exports=jdk.unsupported/sun.reflect=ALL-UNNAMED --add-modules=java.se -Djboss.bind.address.management=localhost -Dfile.encoding=Cp1252 
2020-03-13 14:16:00,452 INFO  [org.wildfly.security] (ServerService Thread Pool -- 28) ELY00001: WildFly Elytron version 1.10.4.Final
2020-03-13 14:16:10,741 INFO  [org.jboss.as.controller.management-deprecated] (Controller Boot Thread) WFLYCTL0028: Attribute 'security-realm' in the resource at address '/core-service=management/management-interface=http-interface' is deprecated, and may be removed in a future version. See the attribute description in the output of the read-resource-description operation to learn more about the deprecation.
2020-03-13 14:16:10,780 INFO  [org.jboss.as.controller.management-deprecated] (ServerService Thread Pool -- 16) WFLYCTL0028: Attribute 'security-realm' in the resource at address '/subsystem=undertow/server=default-server/https-listener=https' is deprecated, and may be removed in a future version. See the attribute description in the output of the read-resource-description operation to learn more about the deprecation.
2020-03-13 14:16:10,955 INFO  [org.jboss.as.server.deployment.scanner] (DeploymentScanner-threads - 1) WFLYDS0004: Found WebAppTreinamento.war in deployment directory. To trigger deployment create a file called WebAppTreinamento.war.dodeploy
2020-03-13 14:16:11,043 INFO  [org.jboss.as.server] (Controller Boot Thread) WFLYSRV0039: Creating http management service using socket-binding (management-http)
2020-03-13 14:16:11,084 INFO  [org.xnio] (MSC service thread 1-3) XNIO version 3.7.3.Final
2020-03-13 14:16:11,104 INFO  [org.xnio.nio] (MSC service thread 1-3) XNIO NIO Implementation Version 3.7.3.Final
2020-03-13 14:16:11,211 INFO  [org.jboss.as.clustering.infinispan] (ServerService Thread Pool -- 51) WFLYCLINF0001: Activating Infinispan subsystem.
2020-03-13 14:16:11,237 INFO  [org.wildfly.extension.microprofile.config.smallrye._private] (ServerService Thread Pool -- 60) WFLYCONF0001: Activating WildFly MicroProfile Config Subsystem
2020-03-13 14:16:11,272 INFO  [org.jboss.as.naming] (ServerService Thread Pool -- 64) WFLYNAM0001: Activating Naming Subsystem
2020-03-13 14:16:11,277 INFO  [org.wildfly.extension.microprofile.health.smallrye] (ServerService Thread Pool -- 61) WFLYHEALTH0001: Activating Eclipse MicroProfile Health Subsystem
2020-03-13 14:16:11,280 INFO  [org.wildfly.extension.microprofile.opentracing] (ServerService Thread Pool -- 63) WFLYTRACEXT0001: Activating MicroProfile OpenTracing Subsystem
2020-03-13 14:16:11,318 INFO  [org.jboss.as.webservices] (ServerService Thread Pool -- 74) WFLYWS0002: Activating WebServices Extension
2020-03-13 14:16:11,323 INFO  [org.wildfly.extension.microprofile.metrics.smallrye] (ServerService Thread Pool -- 62) WFLYMETRICS0001: Activating Eclipse MicroProfile Metrics Subsystem
2020-03-13 14:16:11,331 INFO  [org.jboss.as.security] (ServerService Thread Pool -- 70) WFLYSEC0002: Activating Security Subsystem
2020-03-13 14:16:11,277 WARN  [org.jboss.as.txn] (ServerService Thread Pool -- 72) WFLYTX0013: The node-identifier attribute on the /subsystem=transactions is set to the default value. This is a danger for environments running multiple servers. Please make sure the attribute value is unique.
2020-03-13 14:16:11,321 INFO  [org.jboss.as.jsf] (ServerService Thread Pool -- 58) WFLYJSF0007: Activated the following JSF Implementations: [main]
2020-03-13 14:16:11,437 INFO  [org.jboss.as.security] (MSC service thread 1-5) WFLYSEC0001: Current PicketBox version=5.0.3.Final
2020-03-13 14:16:11,574 INFO  [org.jboss.as.connector] (MSC service thread 1-7) WFLYJCA0009: Starting JCA Subsystem (WildFly/IronJacamar 1.4.17.Final)
2020-03-13 14:16:11,734 INFO  [org.jboss.as.connector.subsystems.datasources] (ServerService Thread Pool -- 43) WFLYJCA0004: Deploying JDBC-compliant driver class org.h2.Driver (version 1.4)
2020-03-13 14:16:11,787 INFO  [org.jboss.as.connector.deployers.jdbc] (MSC service thread 1-1) WFLYJCA0018: Started Driver service with driver-name = h2
2020-03-13 14:16:11,806 INFO  [org.jboss.as.naming] (MSC service thread 1-1) WFLYNAM0003: Starting Naming Service
2020-03-13 14:16:11,822 INFO  [org.jboss.as.mail.extension] (MSC service thread 1-1) WFLYMAIL0001: Bound mail session [java:jboss/mail/Default]
2020-03-13 14:16:12,080 INFO  [org.wildfly.extension.undertow] (MSC service thread 1-1) WFLYUT0003: Undertow 2.0.27.Final starting
2020-03-13 14:16:12,330 INFO  [org.jboss.as.connector.subsystems.datasources] (ServerService Thread Pool -- 43) WFLYJCA0005: Deploying non-JDBC-compliant driver class org.postgresql.Driver (version 42.2)
2020-03-13 14:16:12,482 INFO  [org.jboss.as.connector.deployers.jdbc] (MSC service thread 1-1) WFLYJCA0018: Started Driver service with driver-name = postgresql
2020-03-13 14:16:12,786 INFO  [org.wildfly.extension.undertow] (ServerService Thread Pool -- 73) WFLYUT0014: Creating file handler for path 'C:\Users\arism\Documents\GitHub\WEB-TreinamentoStefanini\wildfly-18.0.1.Final/welcome-content' with options [directory-listing: 'false', follow-symlink: 'false', case-sensitive: 'true', safe-symlink-paths: '[]']
2020-03-13 14:16:13,487 INFO  [org.jboss.as.jaxrs] (ServerService Thread Pool -- 53) WFLYRS0016: RESTEasy version 3.9.1.Final
2020-03-13 14:16:13,532 INFO  [org.wildfly.extension.io] (ServerService Thread Pool -- 52) WFLYIO001: Worker 'default' has auto-configured to 8 core threads with 64 task threads based on your 4 available processors
2020-03-13 14:16:13,551 INFO  [org.jboss.as.ejb3] (MSC service thread 1-8) WFLYEJB0481: Strict pool slsb-strict-max-pool is using a max instance size of 64 (per class), which is derived from thread worker pool sizing.
2020-03-13 14:16:13,551 INFO  [org.jboss.as.ejb3] (MSC service thread 1-5) WFLYEJB0482: Strict pool mdb-strict-max-pool is using a max instance size of 16 (per class), which is derived from the number of CPUs on this host.
2020-03-13 14:16:13,580 INFO  [org.wildfly.extension.undertow] (MSC service thread 1-8) WFLYUT0012: Started server default-server.
2020-03-13 14:16:13,594 INFO  [org.wildfly.extension.undertow] (MSC service thread 1-4) WFLYUT0018: Host default-host starting
2020-03-13 14:16:13,600 INFO  [org.jboss.remoting] (MSC service thread 1-3) JBoss Remoting version 5.0.15.Final
2020-03-13 14:16:13,826 INFO  [org.wildfly.extension.undertow] (MSC service thread 1-6) WFLYUT0006: Undertow HTTP listener default listening on 127.0.0.1:8080
2020-03-13 14:16:13,913 INFO  [org.jboss.as.ejb3] (MSC service thread 1-5) WFLYEJB0493: EJB subsystem suspension complete
2020-03-13 14:16:14,037 INFO  [org.jboss.as.connector.subsystems.datasources] (MSC service thread 1-5) WFLYJCA0001: Bound data source [java:jboss/datasources/ExampleDS]
2020-03-13 14:16:14,037 INFO  [org.jboss.as.connector.subsystems.datasources] (MSC service thread 1-8) WFLYJCA0001: Bound data source [java:jboss/datasources/PostgresDS]
2020-03-13 14:16:17,137 INFO  [org.jboss.as.patching] (MSC service thread 1-6) WFLYPAT0050: WildFly Full cumulative patch ID is: base, one-off patches include: none
2020-03-13 14:16:17,159 WARN  [org.jboss.as.domain.management.security] (MSC service thread 1-5) WFLYDM0111: Keystore C:\Users\arism\Documents\GitHub\WEB-TreinamentoStefanini\wildfly-18.0.1.Final\standalone\configuration\application.keystore not found, it will be auto generated on first use with a self signed certificate for host localhost
2020-03-13 14:16:17,178 INFO  [org.jboss.as.server.deployment.scanner] (MSC service thread 1-5) WFLYDS0013: Started FileSystemDeploymentService for directory C:\Users\arism\Documents\GitHub\WEB-TreinamentoStefanini\wildfly-18.0.1.Final\standalone\deployments
2020-03-13 14:16:17,213 INFO  [org.jboss.as.server.deployment] (MSC service thread 1-4) WFLYSRV0027: Starting deployment of "WebAppTreinamento.war" (runtime-name: "WebAppTreinamento.war")
2020-03-13 14:16:17,390 INFO  [org.wildfly.extension.undertow] (MSC service thread 1-8) WFLYUT0006: Undertow HTTPS listener https listening on 127.0.0.1:8443
2020-03-13 14:16:18,422 INFO  [org.jboss.ws.common.management] (MSC service thread 1-2) JBWS022052: Starting JBossWS 5.3.0.Final (Apache CXF 3.3.3) 
2020-03-13 14:16:20,406 INFO  [org.jboss.as.jpa] (MSC service thread 1-4) WFLYJPA0002: Read persistence.xml for jpa
2020-03-13 14:16:22,008 INFO  [org.jboss.weld.deployer] (MSC service thread 1-7) WFLYWELD0003: Processing weld deployment WebAppTreinamento.war
2020-03-13 14:16:22,328 INFO  [org.infinispan.factories.GlobalComponentRegistry] (MSC service thread 1-3) ISPN000128: Infinispan version: Infinispan 'Infinity Minus ONE +2' 9.4.16.Final
2020-03-13 14:16:22,601 INFO  [org.jboss.as.jpa] (ServerService Thread Pool -- 77) WFLYJPA0010: Starting Persistence Unit (phase 1 of 2) Service 'WebAppTreinamento.war#jpa'
2020-03-13 14:16:22,634 INFO  [org.hibernate.jpa.internal.util.LogHelper] (ServerService Thread Pool -- 77) HHH000204: Processing PersistenceUnitInfo [
	name: jpa
	...]
2020-03-13 14:16:22,807 INFO  [org.hibernate.Version] (ServerService Thread Pool -- 77) HHH000412: Hibernate Core {5.3.13.Final}
2020-03-13 14:16:22,810 INFO  [org.hibernate.cfg.Environment] (ServerService Thread Pool -- 77) HHH000206: hibernate.properties not found
2020-03-13 14:16:23,155 INFO  [org.hibernate.annotations.common.Version] (ServerService Thread Pool -- 77) HCANN000001: Hibernate Commons Annotations {5.0.5.Final}
2020-03-13 14:16:23,609 INFO  [org.hibernate.validator.internal.util.Version] (MSC service thread 1-7) HV000001: Hibernate Validator 6.0.18.Final
2020-03-13 14:16:23,801 INFO  [org.jboss.as.ejb3.deployment] (MSC service thread 1-7) WFLYEJB0473: JNDI bindings for session bean named 'PessoaServico' in deployment unit 'deployment "WebAppTreinamento.war"' are as follows:

	java:global/treinamento/PessoaServico!com.stefanini.servico.PessoaServico
	java:app/treinamento/PessoaServico!com.stefanini.servico.PessoaServico
	java:module/PessoaServico!com.stefanini.servico.PessoaServico
	ejb:/treinamento/PessoaServico!com.stefanini.servico.PessoaServico
	java:global/treinamento/PessoaServico
	java:app/treinamento/PessoaServico
	java:module/PessoaServico

2020-03-13 14:16:24,401 INFO  [org.jboss.as.clustering.infinispan] (ServerService Thread Pool -- 77) WFLYCLINF0002: Started client-mappings cache from ejb container
2020-03-13 14:16:24,445 WARN  [org.jboss.as.jaxrs] (MSC service thread 1-3) WFLYRS0018: Explicit usage of Jackson annotation in a JAX-RS deployment; the system will disable JSON-B processing for the current deployment. Consider setting the 'resteasy.preferJacksonOverJsonB' property to 'false' to restore JSON-B.
2020-03-13 14:16:24,514 INFO  [org.jboss.weld.Version] (MSC service thread 1-3) WELD-000900: 3.1.2 (Final)
2020-03-13 14:16:25,083 INFO  [org.jboss.as.jpa] (ServerService Thread Pool -- 77) WFLYJPA0010: Starting Persistence Unit (phase 2 of 2) Service 'WebAppTreinamento.war#jpa'
2020-03-13 14:16:25,354 INFO  [org.hibernate.dialect.Dialect] (ServerService Thread Pool -- 77) HHH000400: Using dialect: org.hibernate.dialect.PostgreSQL95Dialect
2020-03-13 14:16:25,748 INFO  [org.hibernate.engine.jdbc.env.internal.LobCreatorBuilderImpl] (ServerService Thread Pool -- 77) HHH000424: Disabling contextual LOB creation as createClob() method threw error : java.lang.reflect.InvocationTargetException
2020-03-13 14:16:25,754 INFO  [org.hibernate.type.BasicTypeRegistry] (ServerService Thread Pool -- 77) HHH000270: Type registration [java.util.UUID] overrides previous : org.hibernate.type.UUIDBinaryType@17bf092f
2020-03-13 14:16:25,762 INFO  [org.hibernate.envers.boot.internal.EnversServiceImpl] (ServerService Thread Pool -- 77) Envers integration enabled? : true
2020-03-13 14:16:26,729 INFO  [org.hibernate.hql.internal.QueryTranslatorFactoryInitiator] (ServerService Thread Pool -- 77) HHH000397: Using ASTQueryTranslatorFactory
2020-03-13 14:16:26,999 INFO  [io.smallrye.metrics] (MSC service thread 1-5) MicroProfile: Metrics activated
2020-03-13 14:16:28,854 WARN  [org.jboss.as.weld] (ServerService Thread Pool -- 77) WFLYWELD0052: Using deployment classloader to load proxy classes for module org.jboss.resteasy.resteasy-jackson2-provider. Package-private access will not work. To fix this the module should declare dependencies on [org.jboss.weld.core, org.jboss.weld.spi, org.jboss.weld.api]
2020-03-13 14:16:29,111 INFO  [org.jboss.resteasy.resteasy_jaxrs.i18n] (ServerService Thread Pool -- 77) RESTEASY002225: Deploying javax.ws.rs.core.Application: class com.stefanini.resource.ApplicationResource$Proxy$_$$_WeldClientProxy
2020-03-13 14:16:29,315 WARN  [org.jboss.as.weld] (ServerService Thread Pool -- 77) WFLYWELD0052: Using deployment classloader to load proxy classes for module com.fasterxml.jackson.jaxrs.jackson-jaxrs-json-provider. Package-private access will not work. To fix this the module should declare dependencies on [org.jboss.weld.core, org.jboss.weld.spi, org.jboss.weld.api]
2020-03-13 14:16:29,369 WARN  [org.jboss.resteasy.resteasy_jaxrs.i18n] (ServerService Thread Pool -- 77) RESTEASY002155: Provider class org.jboss.resteasy.plugins.providers.jackson.UnrecognizedPropertyExceptionHandler is already registered.  2nd registration is being ignored.
2020-03-13 14:16:29,372 WARN  [org.jboss.resteasy.resteasy_jaxrs.i18n] (ServerService Thread Pool -- 77) RESTEASY002155: Provider class org.jboss.resteasy.plugins.providers.jackson.PatchMethodFilter is already registered.  2nd registration is being ignored.
2020-03-13 14:16:29,373 WARN  [org.jboss.resteasy.resteasy_jaxrs.i18n] (ServerService Thread Pool -- 77) RESTEASY002155: Provider class org.jboss.resteasy.plugins.providers.jackson.ResteasyJackson2Provider is already registered.  2nd registration is being ignored.
2020-03-13 14:16:29,497 INFO  [org.wildfly.extension.undertow] (ServerService Thread Pool -- 77) WFLYUT0021: Registered web context: '/treinamento' for server 'default-server'
2020-03-13 14:16:29,871 INFO  [org.jboss.as.server] (ServerService Thread Pool -- 44) WFLYSRV0010: Deployed "WebAppTreinamento.war" (runtime-name : "WebAppTreinamento.war")
2020-03-13 14:16:30,017 INFO  [org.jboss.as.server] (Controller Boot Thread) WFLYSRV0212: Resuming server
2020-03-13 14:16:30,020 INFO  [org.jboss.as] (Controller Boot Thread) WFLYSRV0060: Http management interface listening on http://127.0.0.1:9990/management
2020-03-13 14:16:30,021 INFO  [org.jboss.as] (Controller Boot Thread) WFLYSRV0051: Admin console listening on http://127.0.0.1:9990
2020-03-13 14:16:30,021 INFO  [org.jboss.as] (Controller Boot Thread) WFLYSRV0025: WildFly Full 18.0.1.Final (WildFly Core 10.0.3.Final) started in 40190ms - Started 478 of 691 services (375 services are lazy, passive or on-demand)
